---------------------------------------------------------------
[ 2019-11-13T20:50:47+08:00 ] 183.11.131.137 GET tmp.eyutong.cn/
[运行时间：0.035499s] [吞吐率：28.17req/s] [内存消耗：3,089.56kb] [文件加载：110]
[ info ] [ BEHAVIOR ] Run Closure @app_init [ RunTime:0.000073s ]
[ info ] [ CACHE ] INIT File
[ info ] [ BEHAVIOR ] Run Closure @app_init [ RunTime:0.001002s ]
[ info ] [ LANG ] /www/wwwroot/tmp.eyutong.cn/thinkphp/lang/zh-cn.php
[ info ] [ ROUTE ] array (
  'type' => 'module',
  'module' => 
  array (
    0 => '',
    1 => NULL,
    2 => NULL,
  ),
)
[ info ] [ HEADER ] array (
  'connection' => 'close',
  'cookie' => 'thinkphp_show_page_trace=0|0',
  'accept-language' => 'zh-CN,zh;q=0.9,en;q=0.8,zh-TW;q=0.7',
  'accept-encoding' => 'gzip, deflate',
  'referer' => 'http://tmp.eyutong.cn/',
  'accept' => 'text/html,application/xhtml+xml,application/xml;q=0.9,image/webp,image/apng,*/*;q=0.8,application/signed-exchange;v=b3',
  'user-agent' => 'Mozilla/5.0 (Windows NT 6.1; Win64; x64) AppleWebKit/537.36 (KHTML, like Gecko) Chrome/78.0.3904.97 Safari/537.36',
  'upgrade-insecure-requests' => '1',
  'cache-control' => 'max-age=0',
  'host' => 'tmp.eyutong.cn',
  'content-length' => '',
  'content-type' => '',
)
[ info ] [ PARAM ] array (
)
[ info ] [ LANG ] /www/wwwroot/tmp.eyutong.cn/public/../application/index/lang/zh-cn.php
[ info ] [ BEHAVIOR ] Run app\common\behavior\Common @module_init [ RunTime:0.001275s ]
[ info ] [ LANG ] /www/wwwroot/tmp.eyutong.cn/public/../application/index/lang/zh-cn/index.php
[ info ] [ RUN ] app\index\controller\Index->index[ /www/wwwroot/tmp.eyutong.cn/application/index/controller/Index.php ]
[ info ] [ VIEW ] /www/wwwroot/tmp.eyutong.cn/public/../application/index/view/index/index.html [ array (
  0 => 'user',
  1 => 'site',
  2 => 'config',
) ]
[ info ] [ LOG ] INIT File
